<?xml version="1.0" encoding="UTF-8"?>
<robot generator="Robot 3.1.1 (Python 3.7.0 on win32)" generated="20190728 18:20:00.549" rpa="false">
<suite id="s1" name="Robot Projects" source="D:\Robot Projects">
<suite id="s1-s1" name="Testing" source="D:\Robot Projects\Testing">
<suite id="s1-s1-s1" name="Hello world" source="D:\Robot Projects\Testing\Hello world.robot">
<test id="s1-s1-s1-t1" name="Myfirsttestcase">
<kw name="Log" library="BuiltIn">
<doc>Logs the given message with the given level.</doc>
<arguments>
<arg>Hello World!!!!</arg>
</arguments>
<msg timestamp="20190728 18:20:06.101" level="INFO">Hello World!!!!</msg>
<status status="PASS" starttime="20190728 18:20:06.092" endtime="20190728 18:20:06.102"></status>
</kw>
<status status="PASS" starttime="20190728 18:20:06.089" endtime="20190728 18:20:06.105" critical="yes"></status>
</test>
<test id="s1-s1-s1-t2" name="FirstSeleniumTest">
<kw name="Open Browser" library="SeleniumLibrary">
<doc>Opens a new browser instance to the given ``url``.</doc>
<arguments>
<arg>https://www.google.com/</arg>
<arg>chrome</arg>
</arguments>
<msg timestamp="20190728 18:20:06.110" level="INFO">Opening browser 'chrome' to base url 'https://www.google.com/'.</msg>
<status status="PASS" starttime="20190728 18:20:06.108" endtime="20190728 18:21:23.607"></status>
</kw>
<kw name="Input Text" library="SeleniumLibrary">
<doc>Types the given ``text`` into text field identified by ``locator``.</doc>
<arguments>
<arg>name=q</arg>
<arg>hello</arg>
</arguments>
<msg timestamp="20190728 18:21:23.611" level="INFO">Typing text 'hello' into text field 'name=q'.</msg>
<status status="PASS" starttime="20190728 18:21:23.608" endtime="20190728 18:21:28.105"></status>
</kw>
<kw name="Sleep" library="BuiltIn">
<doc>Pauses the test executed for the given time.</doc>
<arguments>
<arg>2</arg>
</arguments>
<msg timestamp="20190728 18:21:30.109" level="INFO">Slept 2 seconds</msg>
<status status="PASS" starttime="20190728 18:21:28.107" endtime="20190728 18:21:30.110"></status>
</kw>
<kw name="Click Element" library="SeleniumLibrary">
<doc>Click element identified by ``locator``.</doc>
<arguments>
<arg>name=btnK</arg>
</arguments>
<msg timestamp="20190728 18:21:30.113" level="INFO">Clicking element 'name=btnK'.</msg>
<status status="PASS" starttime="20190728 18:21:30.111" endtime="20190728 18:21:49.764"></status>
</kw>
<kw name="Close Browser" library="SeleniumLibrary">
<doc>Closes the current browser.</doc>
<status status="PASS" starttime="20190728 18:21:49.766" endtime="20190728 18:21:58.352"></status>
</kw>
<kw name="Log" library="BuiltIn">
<doc>Logs the given message with the given level.</doc>
<arguments>
<arg>Ended</arg>
</arguments>
<msg timestamp="20190728 18:21:58.355" level="INFO">Ended</msg>
<status status="PASS" starttime="20190728 18:21:58.353" endtime="20190728 18:21:58.356"></status>
</kw>
<status status="PASS" starttime="20190728 18:20:06.107" endtime="20190728 18:21:58.357" critical="yes"></status>
</test>
<status status="PASS" starttime="20190728 18:20:01.437" endtime="20190728 18:21:58.361"></status>
</suite>
<status status="PASS" starttime="20190728 18:20:01.410" endtime="20190728 18:21:58.370"></status>
</suite>
<status status="PASS" starttime="20190728 18:20:01.209" endtime="20190728 18:21:58.377"></status>
</suite>
<statistics>
<total>
<stat pass="2" fail="0">Critical Tests</stat>
<stat pass="2" fail="0">All Tests</stat>
</total>
<tag>
</tag>
<suite>
<stat pass="2" fail="0" id="s1" name="Robot Projects">Robot Projects</stat>
<stat pass="2" fail="0" id="s1-s1" name="Testing">Robot Projects.Testing</stat>
<stat pass="2" fail="0" id="s1-s1-s1" name="Hello world">Robot Projects.Testing.Hello world</stat>
</suite>
</statistics>
<errors>
</errors>
</robot>
